[DEBUG] Title Validation FAILED: Page Title 'My Liberation Notes' vs Expected 'A Shop for Killers' (Ratio: 0.27 & No Alias Match)
[DEBUG] Title Validation FAILED: Page Title 'adjective_boy' vs Expected 'A Shop for Killers' (Ratio: 0.13 & No Alias Match)
[DEBUG] Title Validation FAILED: Page Title 'Kate' vs Expected 'A Shop for Killers' (Ratio: 0.18 & No Alias Match)
[DEBUG] Title Validation FAILED: Page Title 'ColourMePurple' vs Expected 'A Shop for Killers' (Ratio: 0.25 & No Alias Match)
✅ Partial Batch completed successfully
⏳ Batch Processing in Progress...
══════════════════════════════════════════════════════
📊 My Movie Database – Excel to JSON Workflow Report
══════════════════════════════════════════════════════

🚀 Workflow Type : Manual
🔁 RUN           : 943
⏰ Start Time    : 06 June 2026 - 02:18:39 PM
⏰ End Time      : 06 June 2026 - 02:20:25 PM
⏱️ Run Time      : 1 Minute 45 Seconds
⚙️ Max Process   : 50 Row Per Run
🔄 Current Batch : 1

━━━━━━━━━━━━━━━━━━━━━━━━━━━━━━━━━━━━━━━
🗂️ === Feb 7 2023 Onwards ===
━━━━━━━━━━━━━━━━━━━━━━━━━━━━━━━━━━━━━━━

🔁 Data Updated:
✍️ 1041 - New Life (2020) -> Country Updated
✍️ 1059 - F4 Thailand: Boys over Flowers (2021) -> Country Updated
✍️ 1094 - Love at First Hate (2018) -> Country Updated
✍️ 1097 - Buang Ruk Satan (2018) -> Country Updated
✍️ 1123 - Suparburoot Jorm Jon: Duang Jai Kabot (2019) -> Country Updated
✍️ 1129 - Oh My Boss (2021) -> Country Updated
✍️ 1195 - 12 Monkeys Season 1 (2015) -> Country Updated
✍️ 1196 - 12 Monkeys Season 2 (2016) -> Country Updated
✍️ 1197 - 12 Monkeys Season 3 (2017) -> Country Updated
✍️ 1198 - 12 Monkeys Season 4 (2018) -> Country Updated
✍️ 1220 - Star Trek: New Strange Worlds (2023) -> Country Updated
✍️ 1225 - Reacher Season 1 (2022) -> Country Updated
✍️ 1253 - Reacher Season 2 (2023) -> Country Updated
✍️ 1258 - Husband in Disguise (2022) -> Country Updated
✍️ 1263 - When a Snail Falls in Love (2023) -> Country Updated
✍️ 1266 - Before We Get Married (2019) -> Country Updated
✍️ 1269 - Intern in My Heart (2024) -> Country Updated
✍️ 1283 - The Crown Princess (2018) -> Country Updated
✍️ 1285 - Bad Romeo (2022) -> Country Updated
✍️ 1287 - My Romance From Far Away (2022) -> Country Updated
✍️ 1298 - Love is in the Air (2020) -> Country Updated
✍️ 1300 - Day Dreamer (2018) -> Country Updated
✍️ 1301 - Eye Love You (2024) -> Country Updated
✍️ 1304 - Ab Ruk Online (2015) -> Country Updated
✍️ 1311 - Dhevaprom: Kwanruetai (2024) -> Country Updated
✍️ 1328 - Game of Thrones Season 1 (2011) -> Country Updated
✍️ 1329 - Game of Thrones Season 2 (2012) -> Country Updated
✍️ 1330 - Game of Thrones Season 3 (2013) -> Country Updated
✍️ 1331 - Game of Thrones Season 4 (2014) -> Country Updated
✍️ 1332 - Game of Thrones Season 5 (2015) -> Country Updated
✍️ 1333 - Game of Thrones Season 6 (2016) -> Country Updated
✍️ 1334 - Game of Thrones Season 7 (2017) -> Country Updated
✍️ 1335 - Game of Thrones Season 8 (2019) -> Country Updated
✍️ 1338 - You Are My Heartbeat (2022) -> Country Updated
✍️ 1341 - Stranger Things Season 1 (2016) -> Country Updated
✍️ 1342 - Stranger Things Season 2 (2017) -> Country Updated
✍️ 1343 - Stranger Things Season 3 (2019) -> Country Updated

⚠️ Missing Values (Asian Dramas):
- 1019 - The Fox's Summer Season 2 (2017) -> ⚠️ Missing: Director
- 1052 - I Love Lee Tae Ri (2012) -> ⚠️ Missing: Director
- 1059 - F4 Thailand: Boys over Flowers (2021) -> ⚠️ Missing: Director
- 1077 - Black Knight (2023) -> ⚠️ Missing: Director
- 1092 - Woori the Virgin (2022) -> ⚠️ Missing: Director
- 1117 - Your Highness, the Class Monitor (2019) -> ⚠️ Missing: Director
- 1122 - Forget You Remember Love (2020) -> ⚠️ Missing: Director
- 1123 - Suparburoot Jorm Jon: Duang Jai Kabot (2019) -> ⚠️ Missing: Director
- 1191 - Taste of Love (2023) -> ⚠️ Missing: Director
- 1207 - Summer Strike (2022) -> ⚠️ Missing: Director
- 1265 - A Shop for Killers (2024) -> ⚠️ Missing: Director
- 1282 - Golden House Hidden Love (2024) -> ⚠️ Missing: Director
- 1294 - Beautiful Reborn Flower (2020) -> ⚠️ Missing: Director
- 1315 - Love Me Like I Do (2023) -> ⚠️ Missing: Director
- 1319 - Parallel Love (2020) -> ⚠️ Missing: Director

🚫 Skipped (Unchanged):
- 1001 - It's Okay to Not Be Okay (2020)
- 1002 - It's Okay, That's Love (2014)
- 1003 - Descendants of the Sun (2016)
- 1004 - Find Me in Your Memory (2020)
- 1005 - Lawless Lawyer (2018)
- 1006 - Love to Hate You (2023)
- 1007 - Youth of May (2021)
- 1008 - My Secret Romance (2017)
- 1009 - Unforgettable Love (2021)
- 1010 - Uncontrollably Fond (2016)
- 1011 - The Law Cafe (2022)
- 1012 - The World of the Married (2020)
- 1013 - Boys over Flowers (2009)
- 1014 - Oh My Ladylord (2021)
- 1015 - Because This Is My First Life (2017)
- 1016 - Blood (2015)
- 1017 - Now, We Are Breaking Up (2021)
- 1018 - The Fox's Summer (2017)
- 1020 - Meloholic (2017)
- 1021 - Meteor Garden (2018)
- 1022 - Miracle That We Met (2018)
- 1023 - Missing You (2012)
- 1024 - Still 17 (2018)
- 1025 - Personal Taste (2010)
- 1026 - Angel Eyes (2014)
- 1027 - Crash Landing on You (2019)
- 1028 - The Interest of Love (2022)
- 1029 - Falling into Your Smile (2021)
- 1030 - While You Were Sleeping (2017)
- 1031 - My Strange Hero (2018)
- 1032 - Rich Man (2018)
- 1033 - Touch Your Heart (2019)
- 1034 - 18 Again (2020)
- 1035 - Oh My Ghost (2015)
- 1036 - My Robot Boyfriend (2019)
- 1037 - Lie to Me (2011)
- 1038 - Dream High (2011)
- 1039 - Cinderella and the Four Knights (2016)
- 1040 - Marriage, Not Dating (2014)
- 1042 - Marriage Contract (2016)
- 1043 - The King 2 Hearts (2012)
- 1044 - Hotel King (2014)
- 1045 - Tale of the Nine-Tailed (2020)
- 1046 - Cute Bodyguard (2022)
- 1047 - Well-Intended Love (2019)
- 1048 - Well-Intended Love Season 2 (2020)
- 1049 - Hello Mr. Gu (2021)
- 1050 - Protect the Boss (2011)
- 1051 - Oh My Venus (2015)
- 1053 - Crazy Love (2022)
- 1054 - About Is Love (2018)
- 1055 - Once We Get Married (2021)
- 1056 - The Beauty Inside (2018)
- 1057 - Secret Love Affair (2014)
- 1058 - Love in Time (2020)
- 1060 - Crash Course in Romance (2023)
- 1061 - Mama Fairy and the Woodcutter (2018)
- 1062 - Sh**ting Stars (2022)
- 1063 - That Winter, the Wind Blows (2013)
- 1064 - The Bride of Habaek (2017)
- 1065 - My Princess (2011)
- 1066 - Black Knight: The Man Who Guards Me (2017)
- 1067 - Blade Man (2014)
- 1068 - The Day of Becoming You (2021)
- 1069 - The Most Beautiful You in the World (2020)
- 1070 - The K2 (2016)
- 1071 - Prime Minister and I (2013)
- 1072 - Her Private Life (2019)
- 1073 - Romance Is a Bonus Book (2019)
- 1074 - Another Miss Oh (2016)
- 1075 - Our Glamorous Time (2018)
- 1076 - Jugglers (2017)
- 1078 - So I Married the Anti-Fan (2021)
- 1079 - Hyde, Jekyll, Me (2015)
- 1080 - Coffee Prince (2007)
- 1081 - Monster (2016)
- 1082 - Level Up (2019)
- 1083 - Healer (2014)
- 1084 - Radiant Office (2017)
- 1085 - Kiss Sixth Sense (2022)
- 1086 - My Roommate Is a Gumiho (2021)
- 1087 - The Heavenly Idol (2023)
- 1088 - Why Women Love (2022)
- 1089 - Abyss (2019)
- 1090 - Imitation (2021)
- 1091 - Island Part 2 (2023)
- 1093 - Crazy Love (2013)
- 1095 - The Love You Give Me (2023)
- 1096 - Go Go Squid! (2019)
- 1098 - You Are My Destiny (2014)
- 1099 - Young Lady and Gentleman (2021)
- 1100 - Eve (2022)
- 1101 - Hometown Cha-Cha-Cha (2021)
- 1102 - Sweet Stranger and Me (2016)
- 1103 - GO into Your Heart (2021)
- 1104 - Begin Again (2020)
- 1105 - Love Scenery (2021)
- 1106 - Please Be My Family (2023)
- 1107 - Money Flower (2017)
- 1108 - Lucky Romance (2016)
- 1109 - Plot Love (2021)
- 1110 - You Are My Glory (2021)
- 1111 - Come and Hug Me (2018)
- 1112 - Missing 9 (2017)
- 1113 - Skip a Beat (2023)
- 1114 - Please Feel at Ease Mr. Ling (2021)
- 1115 - Phoenix 2020 (2020)
- 1116 - Kokdu: Season of Deity (2023)
- 1118 - Nothing But You (2022)
- 1119 - Only Side by Side with You (2018)
- 1120 - My Girlfriend Is an Alien Season 2 (2022)
- 1121 - True to Love (2023)
- 1124 - Sweet and Cold (2023)
- 1125 - Perfect and Casual (2020)
- 1126 - The King: Eternal Monarch (2020)
- 1127 - Link: Eat, Love, Kill (2022)
- 1128 - Your House Helper (2018)
- 1130 - Tomorrow with You (2017)
- 1131 - Love in Sadness (2019)
- 1132 - Nevertheless, (2021)
- 1133 - Love of Replica (2023)
- 1134 - Cheat On Me, if You Can (2020)
- 1135 - Madame Antoine (2016)
- 1136 - Come Back Alive (2016)
- 1137 - Vincenzo (2021)
- 1138 - Fates & Furies (2018)
- 1139 - You Are the Best! (2013)
- 1140 - Hotel del Luna (2019)
- 1141 - Something in the Rain (2018)
- 1142 - Bride of the Century (2014)
- 1143 - Witch's Romance (2014)
- 1144 - When My Love Blooms (2020)
- 1145 - Love in the Moonlight (2016)
- 1146 - Tempted (2018)
- 1147 - See You in My 19th Life (2023)
- 1148 - Intense Love (2020)
- 1149 - My Dear Lady (2020)
- 1150 - My Mister (2018)
- 1151 - Welcome 2 Life (2019)
- 1152 - Mr. Back (2014)
- 1153 - She and Her Perfect Husband (2022)
- 1154 - Doom at Your Service (2021)
- 1155 - Shopaholic Louis (2016)
- 1156 - When I Fly Towards You (2023)
- 1157 - Tower of Babel (2019)
- 1158 - Melting Me Softly (2019)
- 1159 - Devilish Joy (2018)
- 1160 - King the Land (2023)
- 1161 - The Lion's Secret (2021)
- 1162 - She Is the One (2021)
- 1163 - Alchemy of Souls (2022)
- 1164 - Alchemy of Souls Season 2: Light and Shadow (2023)
- 1165 - Don't Dare to Dream (2016)
- 1166 - Oops! The King Is in Love (2020)
- 1167 - Two Cops (2017)
- 1168 - The Great Doctor (2012)
- 1169 - Encounter (2018)
- 1170 - Dinner Mate (2020)
- 1171 - Lucky with You (2021)
- 1172 - Have a Crush on You (2023)
- 1173 - The Forbidden Flower (2023)
- 1174 - Heartbeat (2023)
- 1175 - Snowdrop (2021)
- 1176 - Mr. Sunshine (2018)
- 1177 - Perfect Mismatch (2023)
- 1178 - Do Do Sol Sol La La Sol (2020)
- 1179 - My Absolute Boyfriend (2019)
- 1180 - Monthly Magazine Home (2021)
- 1181 - Reunited Worlds (2017)
- 1182 - Jinxed at First (2022)
- 1183 - Good Job (2022)
- 1184 - Dali & Cocky Prince (2021)
- 1185 - About Time (2018)
- 1186 - Backstreet Rookie (2020)
- 1187 - Hello, Me! (2021)
- 1188 - One Spring Night (2019)
- 1189 - Melancholia (2021)
- 1190 - Secret Love (2013)
- 1192 - Memories of the Alhambra (2018)
- 1193 - The Master's Sun (2013)
- 1194 - Familiar Wife (2018)
- 1199 - My Husband, Mr. Oh! (2018)
- 1200 - Ho Goo's Love (2015)
- 1201 - Our Beloved Summer (2021)
- 1202 - Was It Love? (2020)
- 1203 - Go Ahead (2020)
- 1204 - My Secret Hotel (2014)
- 1205 - The Undateables (2018)
- 1206 - My Lovely Liar (2023)
- 1208 - Forecasting Love and Weather (2022)
- 1209 - Hi Bye, Mama! (2020)
- 1210 - Mr. Bad (2022)
- 1211 - 49 Days (2011)
- 1212 - Ms. Temper & Nam Jung Gi (2016)
- 1213 - City Hunter (2011)
- 1214 - Love Affairs in the Afternoon (2019)
- 1215 - Big Man (2014)
- 1216 - The Empire of Gold (2013)
- 1217 - Destined with You (2023)
- 1218 - Time (2018)
- 1219 - Doona! (2023)
- 1221 - Private Lives (2020)
- 1222 - Chocolate (2019)
- 1223 - Remember: War of the Son (2015)
- 1224 - W (2016)
- 1226 - Clean with Passion for Now (2018)
- 1227 - Cute Programmer (2021)
- 1228 - You Are My Destiny (2020)
- 1229 - Accidentally Meow on You (2022)
- 1230 - Sisyphus: The Myth (2021)
- 1231 - Accidentally in Love (2018)
- 1232 - Tale of the Nine-Tailed 1938 (2023)
- 1233 - From Now On, Showtime! (2022)
- 1234 - She Was Pretty (2015)
- 1235 - Strong Girl Nam Soon (2023)
- 1236 - Lighter & Princess (2022)
- 1237 - The Matchmakers (2023)
- 1238 - The Red Sleeve (2021)
- 1239 - A Time Called You (2023)
- 1240 - Radio Romance (2018)
- 1241 - The Story of Park's Marriage Contract (2023)
- 1242 - Here We Meet Again (2023)
- 1243 - Perfect Marriage Revenge (2023)
- 1244 - A Good Day to Be a Dog (2023)
- 1245 - The King's Affection (2021)
- 1246 - I May Love You (2023)
- 1247 - Moon in the Day (2023)
- 1248 - My Demon (2023)
- 1249 - My Man Is Cupid (2023)
- 1250 - Our Blooming Youth (2023)
- 1251 - Welcome to Samdal-ri (2023)
- 1252 - Tell Me That You Love Me (2023)
- 1254 - Ghost Doctor (2022)
- 1255 - Derailment (2023)
- 1256 - Good Doctor (2013)
- 1257 - Twelve Nights (2018)
- 1259 - My Lethal Man (2023)
- 1260 - Forest (2020)
- 1261 - To Ship Someone (2023)
- 1262 - Marry My Husband (2024)
- 1264 - On the Way to the Airport (2016)
- 1267 - The Smile Has Left Your Eyes (2018)
- 1268 - First Romance (2020)
- 1270 - My Perfect Stranger (2023)
- 1271 - Queen of Divorce (2024)
- 1272 - Run On (2020)
- 1273 - Fireworks of My Heart (2023)
- 1274 - My Boss (2024)
- 1275 - Got a Crush on You (2023)
- 1276 - When I Was the Most Beautiful (2020)
- 1277 - Amidst a Snowstorm of Love (2024)
- 1278 - Love Is Panacea (2023)
- 1279 - Only for Love (2023)
- 1280 - The Girl Who Sees Smells (2023)
- 1281 - Doctor Slump (2024)
- 1284 - Love in Time (2022)
- 1286 - A Piece of Your Mind (2020)
- 1288 - Road Home (2023)
- 1289 - Dating in the Kitchen (2020)
- 1290 - Find Yourself (2020)
- 1291 - Timeless Love (2021)
- 1292 - My Fated Boy (2021)
- 1293 - Orange Marmalade (2015)
- 1295 - You Are My Spring (2021)
- 1296 - The Time We Were Not in Love (2015)
- 1297 - Flavour It's Yours (2019)
- 1299 - My Special Girl (2024)
- 1302 - Queen of Tears (2024)
- 1303 - Well Dominated Love (2020)
- 1305 - Again My Life (2022)
- 1306 - Wedding Impossible (2024)
- 1307 - Fight for My Way (2017)
- 1308 - The Midnight Studio (2024)
- 1309 - Naeil's Cantabile (2014)
- 1310 - Boss & Me (2014)
- 1312 - Hello, I'm at Your Service (2023)
- 1313 - If You Wish Upon Me (2022)
- 1314 - Lovely Runner (2024)
- 1316 - Twinkling Watermelon (2023)
- 1317 - Frankly Speaking (2024)
- 1318 - The Atypical Family (2024)
- 1320 - Mr Honesty (2020)
- 1321 - Missing Crown Prince (2024)
- 1322 - Branding in Seongsu (2024)
- 1323 - Hierarchy (2024)
- 1324 - Twenty Five Twenty One (2022)
- 1325 - Girlfriend (2020)
- 1326 - Dreaming of a Freaking Fairytale (2024)
- 1327 - The Midnight Romance in Hagwon (2024)
- 1336 - Dare to Love Me (2024)
- 1337 - Moon Lovers: Scarlet Heart Ryeo (2016)
- 1339 - My Military Valentine (2024)
- 1340 - Sweet First Love (2020)

📊 Summary (Sheet: Feb 7 2023 Onwards)
━━━━━━━━━━━━━━━━━━━━━━━━━━━━━━━━━━━━━━━
🆕 Created: 0
🔁 Updated: 37
🔍 Refetched: 0
🚫 Skipped (Asian): 293
🙈 Ignored (Non-Asian): 0
⚠️ Warnings: 15
  Total Unique Rows: 330

━━━━━━━━━━━━━━━━━━━━━━━━━━━━━━━━━━━━━━━
📊 Summary (Current Batch Only)
━━━━━━━━━━━━━━━━━━━━━━━━━━━━━━━━━━━━━━━
🆕 Total Created: 0
🔁 Total Updated: 37
🔍 Total Refetched: 0
🖼️ Show Images Updated: 0
🧑‍🎨 New Artist Images Added: 0
🚫 Total Skipped (Asian): 293
🙈 Total Ignored (Non-Asian): 0
❌ Total Deleted: 0
🗄️ Total Archived Backups: 0
⚠️ Total Warnings: 15
💾 Backup Files: 37
  Grand Total Rows Processed: 330

💾 Metadata Backups: 16

📦 Total Objects in seriesData.json: 643
📦 Total Objects in artists.json: 11684
📦 Total Objects in cast.json: 597
📦 Total Objects in artists_lookup.json: 11684
🖼️ Total images in show-images: 597
🧑‍🎨 Total images in artist-images: 11684
━━━━━━━━━━━━━━━━━━━━━━━━━━━━━━━━━━━━━━━
🗂️ Folders Generated:
━━━━━━━━━━━━━━━━━━━━━━━━━━━━━━━━━━━━━━━
📁 backups/ (Total: 37 files)
    📄 BACKUP_06_June_2026_1418_1041.json
    📄 BACKUP_06_June_2026_1418_1059.json
    📄 BACKUP_06_June_2026_1418_1094.json
    📄 BACKUP_06_June_2026_1418_1097.json
    📄 BACKUP_06_June_2026_1418_1123.json
    ... and 32 more files.

📁 meta_backups/ (Total: 16 files)
    📄 META_06_June_2026_1418_1059.json
    📄 META_06_June_2026_1418_1094.json
    📄 META_06_June_2026_1418_1097.json
    📄 META_06_June_2026_1418_1123.json
    📄 META_06_June_2026_1418_1129.json
    ... and 11 more files.

📁 reports/ (Total: 1 files)
    📄 06_June_2026_1418_PARTIAL_943_REPORT.txt

━━━━━━━━━━━━━━━━━━━━━━━━━━━━━━━━━━━━━━━
⚠️ BATCH LIMIT REACHED: The script paused safely.
GitHub Actions will trigger next run automatically.
━━━━━━━━━━━━━━━━━━━━━━━━━━━━━━━━━━━━━━━

✅ Partial Report created at -> reports/06_June_2026_1418_PARTIAL_943_REPORT.txt
